// TestFiles/IntegrationTests/CodeGenerationIntegrationTest/EmptyAttributeTagHelpers.cshtml(4,43): error CS1525: Invalid expression term ';'
// __TestNamespace_InputTagHelper2.Checked = ;
Diagnostic(ErrorCode.ERR_InvalidExprTerm, ";").WithArguments(";").WithLocation(4, 43),
// TestFiles/IntegrationTests/CodeGenerationIntegrationTest/EmptyAttributeTagHelpers.cshtml(5,34): error CS1525: Invalid expression term ';'
// __TestNamespace_PTagHelper.Age = ;
Diagnostic(ErrorCode.ERR_InvalidExprTerm, ";").WithArguments(";").WithLocation(5, 34),
// TestFiles/IntegrationTests/CodeGenerationIntegrationTest/EmptyAttributeTagHelpers.cshtml(6,43): error CS1525: Invalid expression term ';'
// __TestNamespace_InputTagHelper2.Checked = ;
Diagnostic(ErrorCode.ERR_InvalidExprTerm, ";").WithArguments(";").WithLocation(6, 43)