// TestFiles/IntegrationTests/CodeGenerationIntegrationTest/TransitionsInTagHelperAttributes.cshtml(9,26): error CS1525: Invalid expression term ''
//  +
Diagnostic(ErrorCode.ERR_InvalidExprTerm, "").WithArguments("").WithLocation(9, 26),
// TestFiles/IntegrationTests/CodeGenerationIntegrationTest/TransitionsInTagHelperAttributes.cshtml(9,26): error CS1002: ; expected
//  +
Diagnostic(ErrorCode.ERR_SemicolonExpected, "").WithLocation(9, 26),
// TestFiles/IntegrationTests/CodeGenerationIntegrationTest/TransitionsInTagHelperAttributes.cshtml(9,27): error CS1646: Keyword, identifier, or string expected after verbatim specifier: @
// @
Diagnostic(ErrorCode.ERR_ExpectedVerbatimLiteral, "").WithLocation(9, 27),
// TestFiles/IntegrationTests/CodeGenerationIntegrationTest/TransitionsInTagHelperAttributes.cshtml(9,31): error CS1001: Identifier expected
// int
Diagnostic(ErrorCode.ERR_IdentifierExpected, "").WithLocation(9, 31),
// TestFiles/IntegrationTests/CodeGenerationIntegrationTest/TransitionsInTagHelperAttributes.cshtml(10,23): error CS1525: Invalid expression term 'int'
// int
Diagnostic(ErrorCode.ERR_InvalidExprTerm, "int").WithArguments("int").WithLocation(10, 23),
// TestFiles/IntegrationTests/CodeGenerationIntegrationTest/TransitionsInTagHelperAttributes.cshtml(12,37): error CS1525: Invalid expression term ''
//  *
Diagnostic(ErrorCode.ERR_InvalidExprTerm, "").WithArguments("").WithLocation(12, 37),
// TestFiles/IntegrationTests/CodeGenerationIntegrationTest/TransitionsInTagHelperAttributes.cshtml(12,37): error CS1002: ; expected
//  *
Diagnostic(ErrorCode.ERR_SemicolonExpected, "").WithLocation(12, 37),
// TestFiles/IntegrationTests/CodeGenerationIntegrationTest/TransitionsInTagHelperAttributes.cshtml(12,38): error CS1646: Keyword, identifier, or string expected after verbatim specifier: @
// @
Diagnostic(ErrorCode.ERR_ExpectedVerbatimLiteral, "").WithLocation(12, 38),
// TestFiles/IntegrationTests/CodeGenerationIntegrationTest/TransitionsInTagHelperAttributes.cshtml(12,39): error CS0201: Only assignment, call, increment, decrement, await, and new object expressions can be used as a statement
// (
Diagnostic(ErrorCode.ERR_IllegalStatement, @"(

#line default
#line hidden
#nullable disable
#nullable restore
#line (12,40)-(12,48) ""TestFiles/IntegrationTests/CodeGenerationIntegrationTest/TransitionsInTagHelperAttributes.cshtml""
@int + 2

#line default
#line hidden
#nullable disable
#nullable restore
#line (12,48)-(12,49) ""TestFiles/IntegrationTests/CodeGenerationIntegrationTest/TransitionsInTagHelperAttributes.cshtml""
)").WithLocation(12, 39)